

Started GET "/" for 127.0.0.1 at 2016-02-05 12:43:13 -0500
  [1m[36m (3.0ms)[0m  [1mSELECT name FROM sqlite_master WHERE type = 'table' AND name = "schema_migrations"[0m

ActiveRecord::PendingMigrationError (Migrations are pending; run 'rake db:migrate RAILS_ENV=development' to resolve this issue.):
  activerecord (4.0.0) lib/active_record/migration.rb:379:in `check_pending!'
  activerecord (4.0.0) lib/active_record/migration.rb:366:in `call'
  actionpack (4.0.0) lib/action_dispatch/middleware/callbacks.rb:29:in `call'
  activesupport (4.0.0) lib/active_support/callbacks.rb:376:in `_run__354053765__call__callbacks'
  activesupport (4.0.0) lib/active_support/callbacks.rb:80:in `run_callbacks'
  actionpack (4.0.0) lib/action_dispatch/middleware/callbacks.rb:27:in `call'
  actionpack (4.0.0) lib/action_dispatch/middleware/reloader.rb:64:in `call'
  actionpack (4.0.0) lib/action_dispatch/middleware/remote_ip.rb:76:in `call'
  actionpack (4.0.0) lib/action_dispatch/middleware/debug_exceptions.rb:17:in `call'
  actionpack (4.0.0) lib/action_dispatch/middleware/show_exceptions.rb:30:in `call'
  railties (4.0.0) lib/rails/rack/logger.rb:38:in `call_app'
  railties (4.0.0) lib/rails/rack/logger.rb:21:in `call'
  activesupport (4.0.0) lib/active_support/tagged_logging.rb:67:in `tagged'
  activesupport (4.0.0) lib/active_support/tagged_logging.rb:25:in `tagged'
  activesupport (4.0.0) lib/active_support/tagged_logging.rb:67:in `tagged'
  railties (4.0.0) lib/rails/rack/logger.rb:21:in `call'
  actionpack (4.0.0) lib/action_dispatch/middleware/request_id.rb:21:in `call'
  rack (1.5.5) lib/rack/methodoverride.rb:21:in `call'
  rack (1.5.5) lib/rack/runtime.rb:17:in `call'
  activesupport (4.0.0) lib/active_support/cache/strategy/local_cache.rb:83:in `call'
  rack (1.5.5) lib/rack/lock.rb:17:in `call'
  actionpack (4.0.0) lib/action_dispatch/middleware/static.rb:64:in `call'
  railties (4.0.0) lib/rails/engine.rb:511:in `call'
  railties (4.0.0) lib/rails/application.rb:97:in `call'
  rack (1.5.5) lib/rack/lock.rb:17:in `call'
  rack (1.5.5) lib/rack/content_length.rb:14:in `call'
  rack (1.5.5) lib/rack/handler/webrick.rb:60:in `service'
  /Users/Aaron/.rvm/rubies/jruby-1.7.19/lib/ruby/1.9/webrick/httpserver.rb:138:in `service'
  /Users/Aaron/.rvm/rubies/jruby-1.7.19/lib/ruby/1.9/webrick/httpserver.rb:94:in `run'
  /Users/Aaron/.rvm/rubies/jruby-1.7.19/lib/ruby/1.9/webrick/server.rb:191:in `start_thread'


  Rendered /Users/Aaron/.rvm/gems/jruby-1.7.19/gems/actionpack-4.0.0/lib/action_dispatch/middleware/templates/rescues/_source.erb (2.0ms)
  Rendered /Users/Aaron/.rvm/gems/jruby-1.7.19/gems/actionpack-4.0.0/lib/action_dispatch/middleware/templates/rescues/_trace.erb (3.0ms)
  Rendered /Users/Aaron/.rvm/gems/jruby-1.7.19/gems/actionpack-4.0.0/lib/action_dispatch/middleware/templates/rescues/_request_and_response.erb (3.0ms)
  Rendered /Users/Aaron/.rvm/gems/jruby-1.7.19/gems/actionpack-4.0.0/lib/action_dispatch/middleware/templates/rescues/diagnostics.erb within rescues/layout (37.0ms)
  [1m[36m (3.0ms)[0m  [1mSELECT name FROM sqlite_master WHERE type = 'table' AND name = "schema_migrations"[0m
  [1m[35m (4.0ms)[0m  CREATE TABLE "schema_migrations" ("version" varchar(255) NOT NULL) 
  [1m[36m (1.0ms)[0m  [1mSELECT sqlite_version(*)[0m
  [1m[35m (0.0ms)[0m  CREATE UNIQUE INDEX "unique_schema_migrations" ON "schema_migrations" ("version")
  [1m[36mActiveRecord::SchemaMigration Load (1.0ms)[0m  [1mSELECT "schema_migrations".* FROM "schema_migrations"[0m
Migrating to CreateRecipes (20151209031406)
  [1m[35m (1.0ms)[0m  CREATE TABLE "recipes" ("id" integer PRIMARY KEY AUTOINCREMENT NOT NULL, "title" varchar(255), "ingredients" varchar(255), "directions" varchar(255), "created_at" datetime, "updated_at" datetime) 
  [1m[36m (0.0ms)[0m  [1mSELECT name FROM sqlite_master WHERE type = 'table' AND name = "schema_migrations"[0m
  [1m[35mSQL (0.0ms)[0m  INSERT INTO "schema_migrations" ("version") VALUES ('20151209031406')
Migrating to CreateTags (20160127173323)
  [1m[36m (0.0ms)[0m  [1mCREATE TABLE "tags" ("id" integer PRIMARY KEY AUTOINCREMENT NOT NULL, "title" varchar(255), "created_at" datetime, "updated_at" datetime) [0m
  [1m[35mSQL (1.0ms)[0m  INSERT INTO "schema_migrations" ("version") VALUES ('20160127173323')
Migrating to CreateFoodItems (20160202044844)
  [1m[36m (1.0ms)[0m  [1mCREATE TABLE "food_items" ("id" integer PRIMARY KEY AUTOINCREMENT NOT NULL, "category_id" integer, "name" varchar(255), "created_at" datetime, "updated_at" datetime) [0m
  [1m[35m (0.0ms)[0m  CREATE INDEX "index_food_items_on_category_id" ON "food_items" ("category_id")
  [1m[36m (1.0ms)[0m  [1mCREATE INDEX "index_food_items_on_name" ON "food_items" ("name")[0m
  [1m[35mSQL (1.0ms)[0m  INSERT INTO "schema_migrations" ("version") VALUES ('20160202044844')
Migrating to CreateCategories (20160202044905)
  [1m[36m (0.0ms)[0m  [1mCREATE TABLE "categories" ("id" integer PRIMARY KEY AUTOINCREMENT NOT NULL, "name" varchar(255), "created_at" datetime, "updated_at" datetime) [0m
  [1m[35mSQL (1.0ms)[0m  INSERT INTO "schema_migrations" ("version") VALUES ('20160202044905')
  [1m[36m (1.0ms)[0m  [1mSELECT name FROM sqlite_master WHERE type = 'table' AND name = "schema_migrations"[0m
  [1m[35mActiveRecord::SchemaMigration Load (0.0ms)[0m  SELECT "schema_migrations".* FROM "schema_migrations"
  [1m[36m (1.0ms)[0m  [1mSELECT name FROM sqlite_master WHERE type = 'table' AND NOT name = 'sqlite_sequence'[0m


Started GET "/" for 127.0.0.1 at 2016-02-05 12:43:40 -0500
  [1m[36m (3.0ms)[0m  [1mSELECT name FROM sqlite_master WHERE type = 'table' AND name = "schema_migrations"[0m
  [1m[35mActiveRecord::SchemaMigration Load (0.0ms)[0m  SELECT "schema_migrations".* FROM "schema_migrations"
  [1m[36m (0.0ms)[0m  [1mSELECT name FROM sqlite_master WHERE type = 'table' AND name = "schema_migrations"[0m

ActionController::RoutingError (uninitialized constant ActionController::UnknownAction):
  app/controllers/application_controller.rb:5:in `ApplicationController'
  app/controllers/application_controller.rb:1:in `(root)'
  app/controllers/search_controller.rb:4:in `load'
  app/controllers/search_controller.rb:4:in `(root)'


  Rendered /Users/Aaron/.rvm/gems/jruby-1.7.19/gems/actionpack-4.0.0/lib/action_dispatch/middleware/templates/rescues/_trace.erb (9.0ms)
  Rendered /Users/Aaron/.rvm/gems/jruby-1.7.19/gems/actionpack-4.0.0/lib/action_dispatch/middleware/templates/routes/_route.html.erb (12.0ms)
  Rendered /Users/Aaron/.rvm/gems/jruby-1.7.19/gems/actionpack-4.0.0/lib/action_dispatch/middleware/templates/routes/_table.html.erb (7.0ms)
  Rendered /Users/Aaron/.rvm/gems/jruby-1.7.19/gems/actionpack-4.0.0/lib/action_dispatch/middleware/templates/rescues/routing_error.erb within rescues/layout (79.0ms)


Started GET "/" for 127.0.0.1 at 2016-02-05 12:45:56 -0500

ActionController::RoutingError (uninitialized constant ActionController::UnknownAction):
  app/controllers/application_controller.rb:5:in `ApplicationController'
  app/controllers/application_controller.rb:1:in `(root)'
  app/controllers/search_controller.rb:4:in `load'
  app/controllers/search_controller.rb:4:in `(root)'


  Rendered /Users/Aaron/.rvm/gems/jruby-1.7.19/gems/actionpack-4.0.0/lib/action_dispatch/middleware/templates/rescues/_trace.erb (2.0ms)
  Rendered /Users/Aaron/.rvm/gems/jruby-1.7.19/gems/actionpack-4.0.0/lib/action_dispatch/middleware/templates/routes/_route.html.erb (15.0ms)
  Rendered /Users/Aaron/.rvm/gems/jruby-1.7.19/gems/actionpack-4.0.0/lib/action_dispatch/middleware/templates/routes/_table.html.erb (7.0ms)
  Rendered /Users/Aaron/.rvm/gems/jruby-1.7.19/gems/actionpack-4.0.0/lib/action_dispatch/middleware/templates/rescues/routing_error.erb within rescues/layout (52.0ms)


Started GET "/food_items" for 127.0.0.1 at 2016-02-05 12:47:07 -0500
  [1m[36m (4.0ms)[0m  [1mSELECT name FROM sqlite_master WHERE type = 'table' AND name = "schema_migrations"[0m
  [1m[35mActiveRecord::SchemaMigration Load (1.0ms)[0m  SELECT "schema_migrations".* FROM "schema_migrations"
  [1m[36m (1.0ms)[0m  [1mSELECT name FROM sqlite_master WHERE type = 'table' AND name = "schema_migrations"[0m

ActionController::RoutingError (uninitialized constant ActionController::UnknownAction):
  app/controllers/application_controller.rb:5:in `ApplicationController'
  app/controllers/application_controller.rb:1:in `(root)'
  app/controllers/food_items_controller.rb:1:in `load'
  app/controllers/food_items_controller.rb:1:in `(root)'


  Rendered /Users/Aaron/.rvm/gems/jruby-1.7.19/gems/actionpack-4.0.0/lib/action_dispatch/middleware/templates/rescues/_trace.erb (2.0ms)
  Rendered /Users/Aaron/.rvm/gems/jruby-1.7.19/gems/actionpack-4.0.0/lib/action_dispatch/middleware/templates/routes/_route.html.erb (6.0ms)
  Rendered /Users/Aaron/.rvm/gems/jruby-1.7.19/gems/actionpack-4.0.0/lib/action_dispatch/middleware/templates/routes/_table.html.erb (8.0ms)
  Rendered /Users/Aaron/.rvm/gems/jruby-1.7.19/gems/actionpack-4.0.0/lib/action_dispatch/middleware/templates/rescues/routing_error.erb within rescues/layout (72.0ms)


Started GET "/food_items" for 127.0.0.1 at 2016-02-05 12:48:53 -0500
  [1m[36m (3.0ms)[0m  [1mSELECT name FROM sqlite_master WHERE type = 'table' AND name = "schema_migrations"[0m
  [1m[35mActiveRecord::SchemaMigration Load (1.0ms)[0m  SELECT "schema_migrations".* FROM "schema_migrations"
  [1m[36m (0.0ms)[0m  [1mSELECT name FROM sqlite_master WHERE type = 'table' AND name = "schema_migrations"[0m
Processing by FoodItemsController#index as HTML
  [1m[35mFoodItem Load (0.0ms)[0m  SELECT "food_items".* FROM "food_items"
  Rendered food_items/index.html.erb within layouts/application (7.0ms)
  Rendered common/_navigation_bar.html.erb (3.0ms)
Completed 200 OK in 3241ms (Views: 2912.0ms | ActiveRecord: 0.0ms)


Started GET "/" for 127.0.0.1 at 2016-02-05 12:48:56 -0500
Processing by SearchController#index as HTML
  Rendered search/index.html.erb within layouts/application (4.0ms)
  Rendered common/_navigation_bar.html.erb (0.0ms)
Completed 200 OK in 54ms (Views: 51.0ms | ActiveRecord: 0.0ms)


Started GET "/" for 127.0.0.1 at 2016-02-05 12:48:56 -0500
Processing by SearchController#index as HTML
  Rendered search/index.html.erb within layouts/application (1.0ms)
  Rendered common/_navigation_bar.html.erb (1.0ms)
Completed 200 OK in 64ms (Views: 62.0ms | ActiveRecord: 0.0ms)


Started GET "/stylesheets/all.css" for 127.0.0.1 at 2016-02-05 12:48:56 -0500

ActionController::RoutingError (No route matches [GET] "/stylesheets/all.css"):
  actionpack (4.0.0) lib/action_dispatch/middleware/debug_exceptions.rb:21:in `call'
  actionpack (4.0.0) lib/action_dispatch/middleware/show_exceptions.rb:30:in `call'
  railties (4.0.0) lib/rails/rack/logger.rb:38:in `call_app'
  railties (4.0.0) lib/rails/rack/logger.rb:21:in `call'
  activesupport (4.0.0) lib/active_support/tagged_logging.rb:67:in `tagged'
  activesupport (4.0.0) lib/active_support/tagged_logging.rb:25:in `tagged'
  activesupport (4.0.0) lib/active_support/tagged_logging.rb:67:in `tagged'
  railties (4.0.0) lib/rails/rack/logger.rb:21:in `call'
  actionpack (4.0.0) lib/action_dispatch/middleware/request_id.rb:21:in `call'
  rack (1.5.5) lib/rack/methodoverride.rb:21:in `call'
  rack (1.5.5) lib/rack/runtime.rb:17:in `call'
  activesupport (4.0.0) lib/active_support/cache/strategy/local_cache.rb:83:in `call'
  rack (1.5.5) lib/rack/lock.rb:17:in `call'
  actionpack (4.0.0) lib/action_dispatch/middleware/static.rb:64:in `call'
  railties (4.0.0) lib/rails/engine.rb:511:in `call'
  railties (4.0.0) lib/rails/application.rb:97:in `call'
  rack (1.5.5) lib/rack/lock.rb:17:in `call'
  rack (1.5.5) lib/rack/content_length.rb:14:in `call'
  rack (1.5.5) lib/rack/handler/webrick.rb:60:in `service'
  /Users/Aaron/.rvm/rubies/jruby-1.7.19/lib/ruby/1.9/webrick/httpserver.rb:138:in `service'
  /Users/Aaron/.rvm/rubies/jruby-1.7.19/lib/ruby/1.9/webrick/httpserver.rb:94:in `run'
  /Users/Aaron/.rvm/rubies/jruby-1.7.19/lib/ruby/1.9/webrick/server.rb:191:in `start_thread'


  Rendered /Users/Aaron/.rvm/gems/jruby-1.7.19/gems/actionpack-4.0.0/lib/action_dispatch/middleware/templates/rescues/_trace.erb (6.0ms)
  Rendered /Users/Aaron/.rvm/gems/jruby-1.7.19/gems/actionpack-4.0.0/lib/action_dispatch/middleware/templates/routes/_route.html.erb (8.0ms)
  Rendered /Users/Aaron/.rvm/gems/jruby-1.7.19/gems/actionpack-4.0.0/lib/action_dispatch/middleware/templates/routes/_table.html.erb (13.0ms)
  Rendered /Users/Aaron/.rvm/gems/jruby-1.7.19/gems/actionpack-4.0.0/lib/action_dispatch/middleware/templates/rescues/routing_error.erb within rescues/layout (66.0ms)


Started GET "/javascripts/jquery/jquery.min.js" for 127.0.0.1 at 2016-02-05 12:48:57 -0500

ActionController::RoutingError (No route matches [GET] "/javascripts/jquery/jquery.min.js"):
  actionpack (4.0.0) lib/action_dispatch/middleware/debug_exceptions.rb:21:in `call'
  actionpack (4.0.0) lib/action_dispatch/middleware/show_exceptions.rb:30:in `call'
  railties (4.0.0) lib/rails/rack/logger.rb:38:in `call_app'
  railties (4.0.0) lib/rails/rack/logger.rb:21:in `call'
  activesupport (4.0.0) lib/active_support/tagged_logging.rb:67:in `tagged'
  activesupport (4.0.0) lib/active_support/tagged_logging.rb:25:in `tagged'
  activesupport (4.0.0) lib/active_support/tagged_logging.rb:67:in `tagged'
  railties (4.0.0) lib/rails/rack/logger.rb:21:in `call'
  actionpack (4.0.0) lib/action_dispatch/middleware/request_id.rb:21:in `call'
  rack (1.5.5) lib/rack/methodoverride.rb:21:in `call'
  rack (1.5.5) lib/rack/runtime.rb:17:in `call'
  activesupport (4.0.0) lib/active_support/cache/strategy/local_cache.rb:83:in `call'
  rack (1.5.5) lib/rack/lock.rb:17:in `call'
  actionpack (4.0.0) lib/action_dispatch/middleware/static.rb:64:in `call'
  railties (4.0.0) lib/rails/engine.rb:511:in `call'
  railties (4.0.0) lib/rails/application.rb:97:in `call'
  rack (1.5.5) lib/rack/lock.rb:17:in `call'
  rack (1.5.5) lib/rack/content_length.rb:14:in `call'
  rack (1.5.5) lib/rack/handler/webrick.rb:60:in `service'
  /Users/Aaron/.rvm/rubies/jruby-1.7.19/lib/ruby/1.9/webrick/httpserver.rb:138:in `service'
  /Users/Aaron/.rvm/rubies/jruby-1.7.19/lib/ruby/1.9/webrick/httpserver.rb:94:in `run'
  /Users/Aaron/.rvm/rubies/jruby-1.7.19/lib/ruby/1.9/webrick/server.rb:191:in `start_thread'


  Rendered /Users/Aaron/.rvm/gems/jruby-1.7.19/gems/actionpack-4.0.0/lib/action_dispatch/middleware/templates/rescues/_trace.erb (2.0ms)
  Rendered /Users/Aaron/.rvm/gems/jruby-1.7.19/gems/actionpack-4.0.0/lib/action_dispatch/middleware/templates/routes/_route.html.erb (6.0ms)
  Rendered /Users/Aaron/.rvm/gems/jruby-1.7.19/gems/actionpack-4.0.0/lib/action_dispatch/middleware/templates/routes/_table.html.erb (4.0ms)
  Rendered /Users/Aaron/.rvm/gems/jruby-1.7.19/gems/actionpack-4.0.0/lib/action_dispatch/middleware/templates/rescues/routing_error.erb within rescues/layout (69.0ms)


Started GET "/javascripts/defaults.js" for 127.0.0.1 at 2016-02-05 12:48:57 -0500

ActionController::RoutingError (No route matches [GET] "/javascripts/defaults.js"):
  actionpack (4.0.0) lib/action_dispatch/middleware/debug_exceptions.rb:21:in `call'
  actionpack (4.0.0) lib/action_dispatch/middleware/show_exceptions.rb:30:in `call'
  railties (4.0.0) lib/rails/rack/logger.rb:38:in `call_app'
  railties (4.0.0) lib/rails/rack/logger.rb:21:in `call'
  activesupport (4.0.0) lib/active_support/tagged_logging.rb:67:in `tagged'
  activesupport (4.0.0) lib/active_support/tagged_logging.rb:25:in `tagged'
  activesupport (4.0.0) lib/active_support/tagged_logging.rb:67:in `tagged'
  railties (4.0.0) lib/rails/rack/logger.rb:21:in `call'
  actionpack (4.0.0) lib/action_dispatch/middleware/request_id.rb:21:in `call'
  rack (1.5.5) lib/rack/methodoverride.rb:21:in `call'
  rack (1.5.5) lib/rack/runtime.rb:17:in `call'
  activesupport (4.0.0) lib/active_support/cache/strategy/local_cache.rb:83:in `call'
  rack (1.5.5) lib/rack/lock.rb:17:in `call'
  actionpack (4.0.0) lib/action_dispatch/middleware/static.rb:64:in `call'
  railties (4.0.0) lib/rails/engine.rb:511:in `call'
  railties (4.0.0) lib/rails/application.rb:97:in `call'
  rack (1.5.5) lib/rack/lock.rb:17:in `call'
  rack (1.5.5) lib/rack/content_length.rb:14:in `call'
  rack (1.5.5) lib/rack/handler/webrick.rb:60:in `service'
  /Users/Aaron/.rvm/rubies/jruby-1.7.19/lib/ruby/1.9/webrick/httpserver.rb:138:in `service'
  /Users/Aaron/.rvm/rubies/jruby-1.7.19/lib/ruby/1.9/webrick/httpserver.rb:94:in `run'
  /Users/Aaron/.rvm/rubies/jruby-1.7.19/lib/ruby/1.9/webrick/server.rb:191:in `start_thread'


  Rendered /Users/Aaron/.rvm/gems/jruby-1.7.19/gems/actionpack-4.0.0/lib/action_dispatch/middleware/templates/rescues/_trace.erb (2.0ms)
  Rendered /Users/Aaron/.rvm/gems/jruby-1.7.19/gems/actionpack-4.0.0/lib/action_dispatch/middleware/templates/routes/_route.html.erb (6.0ms)
  Rendered /Users/Aaron/.rvm/gems/jruby-1.7.19/gems/actionpack-4.0.0/lib/action_dispatch/middleware/templates/routes/_table.html.erb (2.0ms)
  Rendered /Users/Aaron/.rvm/gems/jruby-1.7.19/gems/actionpack-4.0.0/lib/action_dispatch/middleware/templates/rescues/routing_error.erb within rescues/layout (34.0ms)


Started GET "/assets/jquery.js?body=1" for 127.0.0.1 at 2016-02-05 12:48:57 -0500


Started GET "/assets/jquery_ujs.js?body=1" for 127.0.0.1 at 2016-02-05 12:48:57 -0500


Started GET "/assets/turbolinks.js?body=1" for 127.0.0.1 at 2016-02-05 12:48:57 -0500


Started GET "/stylesheets/all.css" for 127.0.0.1 at 2016-02-05 12:48:57 -0500

ActionController::RoutingError (No route matches [GET] "/stylesheets/all.css"):
  actionpack (4.0.0) lib/action_dispatch/middleware/debug_exceptions.rb:21:in `call'
  actionpack (4.0.0) lib/action_dispatch/middleware/show_exceptions.rb:30:in `call'
  railties (4.0.0) lib/rails/rack/logger.rb:38:in `call_app'
  railties (4.0.0) lib/rails/rack/logger.rb:21:in `call'
  activesupport (4.0.0) lib/active_support/tagged_logging.rb:67:in `tagged'
  activesupport (4.0.0) lib/active_support/tagged_logging.rb:25:in `tagged'
  activesupport (4.0.0) lib/active_support/tagged_logging.rb:67:in `tagged'
  railties (4.0.0) lib/rails/rack/logger.rb:21:in `call'
  actionpack (4.0.0) lib/action_dispatch/middleware/request_id.rb:21:in `call'
  rack (1.5.5) lib/rack/methodoverride.rb:21:in `call'
  rack (1.5.5) lib/rack/runtime.rb:17:in `call'
  activesupport (4.0.0) lib/active_support/cache/strategy/local_cache.rb:83:in `call'
  rack (1.5.5) lib/rack/lock.rb:17:in `call'
  actionpack (4.0.0) lib/action_dispatch/middleware/static.rb:64:in `call'
  railties (4.0.0) lib/rails/engine.rb:511:in `call'
  railties (4.0.0) lib/rails/application.rb:97:in `call'
  rack (1.5.5) lib/rack/lock.rb:17:in `call'
  rack (1.5.5) lib/rack/content_length.rb:14:in `call'
  rack (1.5.5) lib/rack/handler/webrick.rb:60:in `service'
  /Users/Aaron/.rvm/rubies/jruby-1.7.19/lib/ruby/1.9/webrick/httpserver.rb:138:in `service'
  /Users/Aaron/.rvm/rubies/jruby-1.7.19/lib/ruby/1.9/webrick/httpserver.rb:94:in `run'
  /Users/Aaron/.rvm/rubies/jruby-1.7.19/lib/ruby/1.9/webrick/server.rb:191:in `start_thread'


  Rendered /Users/Aaron/.rvm/gems/jruby-1.7.19/gems/actionpack-4.0.0/lib/action_dispatch/middleware/templates/rescues/_trace.erb (3.0ms)
  Rendered /Users/Aaron/.rvm/gems/jruby-1.7.19/gems/actionpack-4.0.0/lib/action_dispatch/middleware/templates/routes/_route.html.erb (3.0ms)
  Rendered /Users/Aaron/.rvm/gems/jruby-1.7.19/gems/actionpack-4.0.0/lib/action_dispatch/middleware/templates/routes/_table.html.erb (4.0ms)
  Rendered /Users/Aaron/.rvm/gems/jruby-1.7.19/gems/actionpack-4.0.0/lib/action_dispatch/middleware/templates/rescues/routing_error.erb within rescues/layout (24.0ms)


Started GET "/assets/jquery_ujs.js?body=1" for 127.0.0.1 at 2016-02-05 12:48:57 -0500


Started GET "/javascripts/jquery/jquery.min.js" for 127.0.0.1 at 2016-02-05 12:48:57 -0500

ActionController::RoutingError (No route matches [GET] "/javascripts/jquery/jquery.min.js"):
  actionpack (4.0.0) lib/action_dispatch/middleware/debug_exceptions.rb:21:in `call'
  actionpack (4.0.0) lib/action_dispatch/middleware/show_exceptions.rb:30:in `call'
  railties (4.0.0) lib/rails/rack/logger.rb:38:in `call_app'
  railties (4.0.0) lib/rails/rack/logger.rb:21:in `call'
  activesupport (4.0.0) lib/active_support/tagged_logging.rb:67:in `tagged'
  activesupport (4.0.0) lib/active_support/tagged_logging.rb:25:in `tagged'
  activesupport (4.0.0) lib/active_support/tagged_logging.rb:67:in `tagged'
  railties (4.0.0) lib/rails/rack/logger.rb:21:in `call'
  actionpack (4.0.0) lib/action_dispatch/middleware/request_id.rb:21:in `call'
  rack (1.5.5) lib/rack/methodoverride.rb:21:in `call'
  rack (1.5.5) lib/rack/runtime.rb:17:in `call'
  activesupport (4.0.0) lib/active_support/cache/strategy/local_cache.rb:83:in `call'
  rack (1.5.5) lib/rack/lock.rb:17:in `call'
  actionpack (4.0.0) lib/action_dispatch/middleware/static.rb:64:in `call'
  railties (4.0.0) lib/rails/engine.rb:511:in `call'
  railties (4.0.0) lib/rails/application.rb:97:in `call'
  rack (1.5.5) lib/rack/lock.rb:17:in `call'
  rack (1.5.5) lib/rack/content_length.rb:14:in `call'
  rack (1.5.5) lib/rack/handler/webrick.rb:60:in `service'
  /Users/Aaron/.rvm/rubies/jruby-1.7.19/lib/ruby/1.9/webrick/httpserver.rb:138:in `service'
  /Users/Aaron/.rvm/rubies/jruby-1.7.19/lib/ruby/1.9/webrick/httpserver.rb:94:in `run'
  /Users/Aaron/.rvm/rubies/jruby-1.7.19/lib/ruby/1.9/webrick/server.rb:191:in `start_thread'


  Rendered /Users/Aaron/.rvm/gems/jruby-1.7.19/gems/actionpack-4.0.0/lib/action_dispatch/middleware/templates/rescues/_trace.erb (1.0ms)
  Rendered /Users/Aaron/.rvm/gems/jruby-1.7.19/gems/actionpack-4.0.0/lib/action_dispatch/middleware/templates/routes/_route.html.erb (3.0ms)
  Rendered /Users/Aaron/.rvm/gems/jruby-1.7.19/gems/actionpack-4.0.0/lib/action_dispatch/middleware/templates/routes/_table.html.erb (2.0ms)
  Rendered /Users/Aaron/.rvm/gems/jruby-1.7.19/gems/actionpack-4.0.0/lib/action_dispatch/middleware/templates/rescues/routing_error.erb within rescues/layout (20.0ms)


Started GET "/javascripts/defaults.js" for 127.0.0.1 at 2016-02-05 12:48:57 -0500

ActionController::RoutingError (No route matches [GET] "/javascripts/defaults.js"):
  actionpack (4.0.0) lib/action_dispatch/middleware/debug_exceptions.rb:21:in `call'
  actionpack (4.0.0) lib/action_dispatch/middleware/show_exceptions.rb:30:in `call'
  railties (4.0.0) lib/rails/rack/logger.rb:38:in `call_app'
  railties (4.0.0) lib/rails/rack/logger.rb:21:in `call'
  activesupport (4.0.0) lib/active_support/tagged_logging.rb:67:in `tagged'
  activesupport (4.0.0) lib/active_support/tagged_logging.rb:25:in `tagged'
  activesupport (4.0.0) lib/active_support/tagged_logging.rb:67:in `tagged'
  railties (4.0.0) lib/rails/rack/logger.rb:21:in `call'
  actionpack (4.0.0) lib/action_dispatch/middleware/request_id.rb:21:in `call'
  rack (1.5.5) lib/rack/methodoverride.rb:21:in `call'
  rack (1.5.5) lib/rack/runtime.rb:17:in `call'
  activesupport (4.0.0) lib/active_support/cache/strategy/local_cache.rb:83:in `call'
  rack (1.5.5) lib/rack/lock.rb:17:in `call'
  actionpack (4.0.0) lib/action_dispatch/middleware/static.rb:64:in `call'
  railties (4.0.0) lib/rails/engine.rb:511:in `call'
  railties (4.0.0) lib/rails/application.rb:97:in `call'
  rack (1.5.5) lib/rack/lock.rb:17:in `call'
  rack (1.5.5) lib/rack/content_length.rb:14:in `call'
  rack (1.5.5) lib/rack/handler/webrick.rb:60:in `service'
  /Users/Aaron/.rvm/rubies/jruby-1.7.19/lib/ruby/1.9/webrick/httpserver.rb:138:in `service'
  /Users/Aaron/.rvm/rubies/jruby-1.7.19/lib/ruby/1.9/webrick/httpserver.rb:94:in `run'
  /Users/Aaron/.rvm/rubies/jruby-1.7.19/lib/ruby/1.9/webrick/server.rb:191:in `start_thread'


  Rendered /Users/Aaron/.rvm/gems/jruby-1.7.19/gems/actionpack-4.0.0/lib/action_dispatch/middleware/templates/rescues/_trace.erb (3.0ms)
  Rendered /Users/Aaron/.rvm/gems/jruby-1.7.19/gems/actionpack-4.0.0/lib/action_dispatch/middleware/templates/routes/_route.html.erb (3.0ms)
  Rendered /Users/Aaron/.rvm/gems/jruby-1.7.19/gems/actionpack-4.0.0/lib/action_dispatch/middleware/templates/routes/_table.html.erb (2.0ms)
  Rendered /Users/Aaron/.rvm/gems/jruby-1.7.19/gems/actionpack-4.0.0/lib/action_dispatch/middleware/templates/rescues/routing_error.erb within rescues/layout (25.0ms)


Started GET "/assets/turbolinks.js?body=1" for 127.0.0.1 at 2016-02-05 12:48:57 -0500


Started GET "/assets/jquery.js?body=1" for 127.0.0.1 at 2016-02-05 12:48:57 -0500


Started GET "/assets/application.js?body=1" for 127.0.0.1 at 2016-02-05 12:48:57 -0500


Started GET "/javascripts/search.js" for 127.0.0.1 at 2016-02-05 12:48:57 -0500

ActionController::RoutingError (No route matches [GET] "/javascripts/search.js"):
  actionpack (4.0.0) lib/action_dispatch/middleware/debug_exceptions.rb:21:in `call'
  actionpack (4.0.0) lib/action_dispatch/middleware/show_exceptions.rb:30:in `call'
  railties (4.0.0) lib/rails/rack/logger.rb:38:in `call_app'
  railties (4.0.0) lib/rails/rack/logger.rb:21:in `call'
  activesupport (4.0.0) lib/active_support/tagged_logging.rb:67:in `tagged'
  activesupport (4.0.0) lib/active_support/tagged_logging.rb:25:in `tagged'
  activesupport (4.0.0) lib/active_support/tagged_logging.rb:67:in `tagged'
  railties (4.0.0) lib/rails/rack/logger.rb:21:in `call'
  actionpack (4.0.0) lib/action_dispatch/middleware/request_id.rb:21:in `call'
  rack (1.5.5) lib/rack/methodoverride.rb:21:in `call'
  rack (1.5.5) lib/rack/runtime.rb:17:in `call'
  activesupport (4.0.0) lib/active_support/cache/strategy/local_cache.rb:83:in `call'
  rack (1.5.5) lib/rack/lock.rb:17:in `call'
  actionpack (4.0.0) lib/action_dispatch/middleware/static.rb:64:in `call'
  railties (4.0.0) lib/rails/engine.rb:511:in `call'
  railties (4.0.0) lib/rails/application.rb:97:in `call'
  rack (1.5.5) lib/rack/lock.rb:17:in `call'
  rack (1.5.5) lib/rack/content_length.rb:14:in `call'
  rack (1.5.5) lib/rack/handler/webrick.rb:60:in `service'
  /Users/Aaron/.rvm/rubies/jruby-1.7.19/lib/ruby/1.9/webrick/httpserver.rb:138:in `service'
  /Users/Aaron/.rvm/rubies/jruby-1.7.19/lib/ruby/1.9/webrick/httpserver.rb:94:in `run'
  /Users/Aaron/.rvm/rubies/jruby-1.7.19/lib/ruby/1.9/webrick/server.rb:191:in `start_thread'


  Rendered /Users/Aaron/.rvm/gems/jruby-1.7.19/gems/actionpack-4.0.0/lib/action_dispatch/middleware/templates/rescues/_trace.erb (2.0ms)
  Rendered /Users/Aaron/.rvm/gems/jruby-1.7.19/gems/actionpack-4.0.0/lib/action_dispatch/middleware/templates/routes/_route.html.erb (2.0ms)
  Rendered /Users/Aaron/.rvm/gems/jruby-1.7.19/gems/actionpack-4.0.0/lib/action_dispatch/middleware/templates/routes/_table.html.erb (2.0ms)
  Rendered /Users/Aaron/.rvm/gems/jruby-1.7.19/gems/actionpack-4.0.0/lib/action_dispatch/middleware/templates/rescues/routing_error.erb within rescues/layout (30.0ms)


Started GET "/assets/application.js?body=1" for 127.0.0.1 at 2016-02-05 12:48:57 -0500


Started GET "/javascripts/search.js" for 127.0.0.1 at 2016-02-05 12:48:57 -0500

ActionController::RoutingError (No route matches [GET] "/javascripts/search.js"):
  actionpack (4.0.0) lib/action_dispatch/middleware/debug_exceptions.rb:21:in `call'
  actionpack (4.0.0) lib/action_dispatch/middleware/show_exceptions.rb:30:in `call'
  railties (4.0.0) lib/rails/rack/logger.rb:38:in `call_app'
  railties (4.0.0) lib/rails/rack/logger.rb:21:in `call'
  activesupport (4.0.0) lib/active_support/tagged_logging.rb:67:in `tagged'
  activesupport (4.0.0) lib/active_support/tagged_logging.rb:25:in `tagged'
  activesupport (4.0.0) lib/active_support/tagged_logging.rb:67:in `tagged'
  railties (4.0.0) lib/rails/rack/logger.rb:21:in `call'
  actionpack (4.0.0) lib/action_dispatch/middleware/request_id.rb:21:in `call'
  rack (1.5.5) lib/rack/methodoverride.rb:21:in `call'
  rack (1.5.5) lib/rack/runtime.rb:17:in `call'
  activesupport (4.0.0) lib/active_support/cache/strategy/local_cache.rb:83:in `call'
  rack (1.5.5) lib/rack/lock.rb:17:in `call'
  actionpack (4.0.0) lib/action_dispatch/middleware/static.rb:64:in `call'
  railties (4.0.0) lib/rails/engine.rb:511:in `call'
  railties (4.0.0) lib/rails/application.rb:97:in `call'
  rack (1.5.5) lib/rack/lock.rb:17:in `call'
  rack (1.5.5) lib/rack/content_length.rb:14:in `call'
  rack (1.5.5) lib/rack/handler/webrick.rb:60:in `service'
  /Users/Aaron/.rvm/rubies/jruby-1.7.19/lib/ruby/1.9/webrick/httpserver.rb:138:in `service'
  /Users/Aaron/.rvm/rubies/jruby-1.7.19/lib/ruby/1.9/webrick/httpserver.rb:94:in `run'
  /Users/Aaron/.rvm/rubies/jruby-1.7.19/lib/ruby/1.9/webrick/server.rb:191:in `start_thread'


  Rendered /Users/Aaron/.rvm/gems/jruby-1.7.19/gems/actionpack-4.0.0/lib/action_dispatch/middleware/templates/rescues/_trace.erb (3.0ms)
  Rendered /Users/Aaron/.rvm/gems/jruby-1.7.19/gems/actionpack-4.0.0/lib/action_dispatch/middleware/templates/routes/_route.html.erb (3.0ms)
  Rendered /Users/Aaron/.rvm/gems/jruby-1.7.19/gems/actionpack-4.0.0/lib/action_dispatch/middleware/templates/routes/_table.html.erb (6.0ms)
  Rendered /Users/Aaron/.rvm/gems/jruby-1.7.19/gems/actionpack-4.0.0/lib/action_dispatch/middleware/templates/rescues/routing_error.erb within rescues/layout (42.0ms)


Started GET "/food_items" for 127.0.0.1 at 2016-02-05 12:49:01 -0500
Processing by FoodItemsController#index as HTML
  [1m[36mFoodItem Load (1.0ms)[0m  [1mSELECT "food_items".* FROM "food_items"[0m
  Rendered food_items/index.html.erb within layouts/application (2.0ms)
  Rendered common/_navigation_bar.html.erb (0.0ms)
Completed 200 OK in 59ms (Views: 54.0ms | ActiveRecord: 1.0ms)


Started GET "/stylesheets/all.css" for 127.0.0.1 at 2016-02-05 12:49:01 -0500

ActionController::RoutingError (No route matches [GET] "/stylesheets/all.css"):
  actionpack (4.0.0) lib/action_dispatch/middleware/debug_exceptions.rb:21:in `call'
  actionpack (4.0.0) lib/action_dispatch/middleware/show_exceptions.rb:30:in `call'
  railties (4.0.0) lib/rails/rack/logger.rb:38:in `call_app'
  railties (4.0.0) lib/rails/rack/logger.rb:21:in `call'
  activesupport (4.0.0) lib/active_support/tagged_logging.rb:67:in `tagged'
  activesupport (4.0.0) lib/active_support/tagged_logging.rb:25:in `tagged'
  activesupport (4.0.0) lib/active_support/tagged_logging.rb:67:in `tagged'
  railties (4.0.0) lib/rails/rack/logger.rb:21:in `call'
  actionpack (4.0.0) lib/action_dispatch/middleware/request_id.rb:21:in `call'
  rack (1.5.5) lib/rack/methodoverride.rb:21:in `call'
  rack (1.5.5) lib/rack/runtime.rb:17:in `call'
  activesupport (4.0.0) lib/active_support/cache/strategy/local_cache.rb:83:in `call'
  rack (1.5.5) lib/rack/lock.rb:17:in `call'
  actionpack (4.0.0) lib/action_dispatch/middleware/static.rb:64:in `call'
  railties (4.0.0) lib/rails/engine.rb:511:in `call'
  railties (4.0.0) lib/rails/application.rb:97:in `call'
  rack (1.5.5) lib/rack/lock.rb:17:in `call'
  rack (1.5.5) lib/rack/content_length.rb:14:in `call'
  rack (1.5.5) lib/rack/handler/webrick.rb:60:in `service'
  /Users/Aaron/.rvm/rubies/jruby-1.7.19/lib/ruby/1.9/webrick/httpserver.rb:138:in `service'
  /Users/Aaron/.rvm/rubies/jruby-1.7.19/lib/ruby/1.9/webrick/httpserver.rb:94:in `run'
  /Users/Aaron/.rvm/rubies/jruby-1.7.19/lib/ruby/1.9/webrick/server.rb:191:in `start_thread'


  Rendered /Users/Aaron/.rvm/gems/jruby-1.7.19/gems/actionpack-4.0.0/lib/action_dispatch/middleware/templates/rescues/_trace.erb (1.0ms)
  Rendered /Users/Aaron/.rvm/gems/jruby-1.7.19/gems/actionpack-4.0.0/lib/action_dispatch/middleware/templates/routes/_route.html.erb (2.0ms)
  Rendered /Users/Aaron/.rvm/gems/jruby-1.7.19/gems/actionpack-4.0.0/lib/action_dispatch/middleware/templates/routes/_table.html.erb (1.0ms)
  Rendered /Users/Aaron/.rvm/gems/jruby-1.7.19/gems/actionpack-4.0.0/lib/action_dispatch/middleware/templates/rescues/routing_error.erb within rescues/layout (24.0ms)


Started GET "/javascripts/defaults.js" for 127.0.0.1 at 2016-02-05 12:49:01 -0500

ActionController::RoutingError (No route matches [GET] "/javascripts/defaults.js"):
  actionpack (4.0.0) lib/action_dispatch/middleware/debug_exceptions.rb:21:in `call'
  actionpack (4.0.0) lib/action_dispatch/middleware/show_exceptions.rb:30:in `call'
  railties (4.0.0) lib/rails/rack/logger.rb:38:in `call_app'
  railties (4.0.0) lib/rails/rack/logger.rb:21:in `call'
  activesupport (4.0.0) lib/active_support/tagged_logging.rb:67:in `tagged'
  activesupport (4.0.0) lib/active_support/tagged_logging.rb:25:in `tagged'
  activesupport (4.0.0) lib/active_support/tagged_logging.rb:67:in `tagged'
  railties (4.0.0) lib/rails/rack/logger.rb:21:in `call'
  actionpack (4.0.0) lib/action_dispatch/middleware/request_id.rb:21:in `call'
  rack (1.5.5) lib/rack/methodoverride.rb:21:in `call'
  rack (1.5.5) lib/rack/runtime.rb:17:in `call'
  activesupport (4.0.0) lib/active_support/cache/strategy/local_cache.rb:83:in `call'
  rack (1.5.5) lib/rack/lock.rb:17:in `call'
  actionpack (4.0.0) lib/action_dispatch/middleware/static.rb:64:in `call'
  railties (4.0.0) lib/rails/engine.rb:511:in `call'
  railties (4.0.0) lib/rails/application.rb:97:in `call'
  rack (1.5.5) lib/rack/lock.rb:17:in `call'
  rack (1.5.5) lib/rack/content_length.rb:14:in `call'
  rack (1.5.5) lib/rack/handler/webrick.rb:60:in `service'
  /Users/Aaron/.rvm/rubies/jruby-1.7.19/lib/ruby/1.9/webrick/httpserver.rb:138:in `service'
  /Users/Aaron/.rvm/rubies/jruby-1.7.19/lib/ruby/1.9/webrick/httpserver.rb:94:in `run'
  /Users/Aaron/.rvm/rubies/jruby-1.7.19/lib/ruby/1.9/webrick/server.rb:191:in `start_thread'


  Rendered /Users/Aaron/.rvm/gems/jruby-1.7.19/gems/actionpack-4.0.0/lib/action_dispatch/middleware/templates/rescues/_trace.erb (1.0ms)
  Rendered /Users/Aaron/.rvm/gems/jruby-1.7.19/gems/actionpack-4.0.0/lib/action_dispatch/middleware/templates/routes/_route.html.erb (21.0ms)
  Rendered /Users/Aaron/.rvm/gems/jruby-1.7.19/gems/actionpack-4.0.0/lib/action_dispatch/middleware/templates/routes/_table.html.erb (4.0ms)
  Rendered /Users/Aaron/.rvm/gems/jruby-1.7.19/gems/actionpack-4.0.0/lib/action_dispatch/middleware/templates/rescues/routing_error.erb within rescues/layout (41.0ms)


Started GET "/javascripts/jquery/jquery.min.js" for 127.0.0.1 at 2016-02-05 12:49:01 -0500

ActionController::RoutingError (No route matches [GET] "/javascripts/jquery/jquery.min.js"):
  actionpack (4.0.0) lib/action_dispatch/middleware/debug_exceptions.rb:21:in `call'
  actionpack (4.0.0) lib/action_dispatch/middleware/show_exceptions.rb:30:in `call'
  railties (4.0.0) lib/rails/rack/logger.rb:38:in `call_app'
  railties (4.0.0) lib/rails/rack/logger.rb:21:in `call'
  activesupport (4.0.0) lib/active_support/tagged_logging.rb:67:in `tagged'
  activesupport (4.0.0) lib/active_support/tagged_logging.rb:25:in `tagged'
  activesupport (4.0.0) lib/active_support/tagged_logging.rb:67:in `tagged'
  railties (4.0.0) lib/rails/rack/logger.rb:21:in `call'
  actionpack (4.0.0) lib/action_dispatch/middleware/request_id.rb:21:in `call'
  rack (1.5.5) lib/rack/methodoverride.rb:21:in `call'
  rack (1.5.5) lib/rack/runtime.rb:17:in `call'
  activesupport (4.0.0) lib/active_support/cache/strategy/local_cache.rb:83:in `call'
  rack (1.5.5) lib/rack/lock.rb:17:in `call'
  actionpack (4.0.0) lib/action_dispatch/middleware/static.rb:64:in `call'
  railties (4.0.0) lib/rails/engine.rb:511:in `call'
  railties (4.0.0) lib/rails/application.rb:97:in `call'
  rack (1.5.5) lib/rack/lock.rb:17:in `call'
  rack (1.5.5) lib/rack/content_length.rb:14:in `call'
  rack (1.5.5) lib/rack/handler/webrick.rb:60:in `service'
  /Users/Aaron/.rvm/rubies/jruby-1.7.19/lib/ruby/1.9/webrick/httpserver.rb:138:in `service'
  /Users/Aaron/.rvm/rubies/jruby-1.7.19/lib/ruby/1.9/webrick/httpserver.rb:94:in `run'
  /Users/Aaron/.rvm/rubies/jruby-1.7.19/lib/ruby/1.9/webrick/server.rb:191:in `start_thread'


  Rendered /Users/Aaron/.rvm/gems/jruby-1.7.19/gems/actionpack-4.0.0/lib/action_dispatch/middleware/templates/rescues/_trace.erb (1.0ms)
  Rendered /Users/Aaron/.rvm/gems/jruby-1.7.19/gems/actionpack-4.0.0/lib/action_dispatch/middleware/templates/routes/_route.html.erb (2.0ms)
  Rendered /Users/Aaron/.rvm/gems/jruby-1.7.19/gems/actionpack-4.0.0/lib/action_dispatch/middleware/templates/routes/_table.html.erb (2.0ms)
  Rendered /Users/Aaron/.rvm/gems/jruby-1.7.19/gems/actionpack-4.0.0/lib/action_dispatch/middleware/templates/rescues/routing_error.erb within rescues/layout (24.0ms)


Started GET "/food_items" for 127.0.0.1 at 2016-02-05 12:49:03 -0500
Processing by FoodItemsController#index as HTML
  [1m[35mFoodItem Load (0.0ms)[0m  SELECT "food_items".* FROM "food_items"
  Rendered food_items/index.html.erb within layouts/application (4.0ms)
  Rendered common/_navigation_bar.html.erb (0.0ms)
Completed 200 OK in 43ms (Views: 42.0ms | ActiveRecord: 0.0ms)


Started GET "/javascripts/jquery/jquery.min.js" for 127.0.0.1 at 2016-02-05 12:49:03 -0500

ActionController::RoutingError (No route matches [GET] "/javascripts/jquery/jquery.min.js"):
  actionpack (4.0.0) lib/action_dispatch/middleware/debug_exceptions.rb:21:in `call'
  actionpack (4.0.0) lib/action_dispatch/middleware/show_exceptions.rb:30:in `call'
  railties (4.0.0) lib/rails/rack/logger.rb:38:in `call_app'
  railties (4.0.0) lib/rails/rack/logger.rb:21:in `call'
  activesupport (4.0.0) lib/active_support/tagged_logging.rb:67:in `tagged'
  activesupport (4.0.0) lib/active_support/tagged_logging.rb:25:in `tagged'
  activesupport (4.0.0) lib/active_support/tagged_logging.rb:67:in `tagged'
  railties (4.0.0) lib/rails/rack/logger.rb:21:in `call'
  actionpack (4.0.0) lib/action_dispatch/middleware/request_id.rb:21:in `call'
  rack (1.5.5) lib/rack/methodoverride.rb:21:in `call'
  rack (1.5.5) lib/rack/runtime.rb:17:in `call'
  activesupport (4.0.0) lib/active_support/cache/strategy/local_cache.rb:83:in `call'
  rack (1.5.5) lib/rack/lock.rb:17:in `call'
  actionpack (4.0.0) lib/action_dispatch/middleware/static.rb:64:in `call'
  railties (4.0.0) lib/rails/engine.rb:511:in `call'
  railties (4.0.0) lib/rails/application.rb:97:in `call'
  rack (1.5.5) lib/rack/lock.rb:17:in `call'
  rack (1.5.5) lib/rack/content_length.rb:14:in `call'
  rack (1.5.5) lib/rack/handler/webrick.rb:60:in `service'
  /Users/Aaron/.rvm/rubies/jruby-1.7.19/lib/ruby/1.9/webrick/httpserver.rb:138:in `service'
  /Users/Aaron/.rvm/rubies/jruby-1.7.19/lib/ruby/1.9/webrick/httpserver.rb:94:in `run'
  /Users/Aaron/.rvm/rubies/jruby-1.7.19/lib/ruby/1.9/webrick/server.rb:191:in `start_thread'


  Rendered /Users/Aaron/.rvm/gems/jruby-1.7.19/gems/actionpack-4.0.0/lib/action_dispatch/middleware/templates/rescues/_trace.erb (1.0ms)
  Rendered /Users/Aaron/.rvm/gems/jruby-1.7.19/gems/actionpack-4.0.0/lib/action_dispatch/middleware/templates/routes/_route.html.erb (7.0ms)
  Rendered /Users/Aaron/.rvm/gems/jruby-1.7.19/gems/actionpack-4.0.0/lib/action_dispatch/middleware/templates/routes/_table.html.erb (1.0ms)
  Rendered /Users/Aaron/.rvm/gems/jruby-1.7.19/gems/actionpack-4.0.0/lib/action_dispatch/middleware/templates/rescues/routing_error.erb within rescues/layout (25.0ms)


Started GET "/javascripts/defaults.js" for 127.0.0.1 at 2016-02-05 12:49:03 -0500

ActionController::RoutingError (No route matches [GET] "/javascripts/defaults.js"):
  actionpack (4.0.0) lib/action_dispatch/middleware/debug_exceptions.rb:21:in `call'
  actionpack (4.0.0) lib/action_dispatch/middleware/show_exceptions.rb:30:in `call'
  railties (4.0.0) lib/rails/rack/logger.rb:38:in `call_app'
  railties (4.0.0) lib/rails/rack/logger.rb:21:in `call'
  activesupport (4.0.0) lib/active_support/tagged_logging.rb:67:in `tagged'
  activesupport (4.0.0) lib/active_support/tagged_logging.rb:25:in `tagged'
  activesupport (4.0.0) lib/active_support/tagged_logging.rb:67:in `tagged'
  railties (4.0.0) lib/rails/rack/logger.rb:21:in `call'
  actionpack (4.0.0) lib/action_dispatch/middleware/request_id.rb:21:in `call'
  rack (1.5.5) lib/rack/methodoverride.rb:21:in `call'
  rack (1.5.5) lib/rack/runtime.rb:17:in `call'
  activesupport (4.0.0) lib/active_support/cache/strategy/local_cache.rb:83:in `call'
  rack (1.5.5) lib/rack/lock.rb:17:in `call'
  actionpack (4.0.0) lib/action_dispatch/middleware/static.rb:64:in `call'
  railties (4.0.0) lib/rails/engine.rb:511:in `call'
  railties (4.0.0) lib/rails/application.rb:97:in `call'
  rack (1.5.5) lib/rack/lock.rb:17:in `call'
  rack (1.5.5) lib/rack/content_length.rb:14:in `call'
  rack (1.5.5) lib/rack/handler/webrick.rb:60:in `service'
  /Users/Aaron/.rvm/rubies/jruby-1.7.19/lib/ruby/1.9/webrick/httpserver.rb:138:in `service'
  /Users/Aaron/.rvm/rubies/jruby-1.7.19/lib/ruby/1.9/webrick/httpserver.rb:94:in `run'
  /Users/Aaron/.rvm/rubies/jruby-1.7.19/lib/ruby/1.9/webrick/server.rb:191:in `start_thread'


  Rendered /Users/Aaron/.rvm/gems/jruby-1.7.19/gems/actionpack-4.0.0/lib/action_dispatch/middleware/templates/rescues/_trace.erb (1.0ms)
  Rendered /Users/Aaron/.rvm/gems/jruby-1.7.19/gems/actionpack-4.0.0/lib/action_dispatch/middleware/templates/routes/_route.html.erb (2.0ms)
  Rendered /Users/Aaron/.rvm/gems/jruby-1.7.19/gems/actionpack-4.0.0/lib/action_dispatch/middleware/templates/routes/_table.html.erb (2.0ms)
  Rendered /Users/Aaron/.rvm/gems/jruby-1.7.19/gems/actionpack-4.0.0/lib/action_dispatch/middleware/templates/rescues/routing_error.erb within rescues/layout (18.0ms)


Started GET "/stylesheets/all.css" for 127.0.0.1 at 2016-02-05 12:49:03 -0500

ActionController::RoutingError (No route matches [GET] "/stylesheets/all.css"):
  actionpack (4.0.0) lib/action_dispatch/middleware/debug_exceptions.rb:21:in `call'
  actionpack (4.0.0) lib/action_dispatch/middleware/show_exceptions.rb:30:in `call'
  railties (4.0.0) lib/rails/rack/logger.rb:38:in `call_app'
  railties (4.0.0) lib/rails/rack/logger.rb:21:in `call'
  activesupport (4.0.0) lib/active_support/tagged_logging.rb:67:in `tagged'
  activesupport (4.0.0) lib/active_support/tagged_logging.rb:25:in `tagged'
  activesupport (4.0.0) lib/active_support/tagged_logging.rb:67:in `tagged'
  railties (4.0.0) lib/rails/rack/logger.rb:21:in `call'
  actionpack (4.0.0) lib/action_dispatch/middleware/request_id.rb:21:in `call'
  rack (1.5.5) lib/rack/methodoverride.rb:21:in `call'
  rack (1.5.5) lib/rack/runtime.rb:17:in `call'
  activesupport (4.0.0) lib/active_support/cache/strategy/local_cache.rb:83:in `call'
  rack (1.5.5) lib/rack/lock.rb:17:in `call'
  actionpack (4.0.0) lib/action_dispatch/middleware/static.rb:64:in `call'
  railties (4.0.0) lib/rails/engine.rb:511:in `call'
  railties (4.0.0) lib/rails/application.rb:97:in `call'
  rack (1.5.5) lib/rack/lock.rb:17:in `call'
  rack (1.5.5) lib/rack/content_length.rb:14:in `call'
  rack (1.5.5) lib/rack/handler/webrick.rb:60:in `service'
  /Users/Aaron/.rvm/rubies/jruby-1.7.19/lib/ruby/1.9/webrick/httpserver.rb:138:in `service'
  /Users/Aaron/.rvm/rubies/jruby-1.7.19/lib/ruby/1.9/webrick/httpserver.rb:94:in `run'
  /Users/Aaron/.rvm/rubies/jruby-1.7.19/lib/ruby/1.9/webrick/server.rb:191:in `start_thread'


  Rendered /Users/Aaron/.rvm/gems/jruby-1.7.19/gems/actionpack-4.0.0/lib/action_dispatch/middleware/templates/rescues/_trace.erb (1.0ms)
  Rendered /Users/Aaron/.rvm/gems/jruby-1.7.19/gems/actionpack-4.0.0/lib/action_dispatch/middleware/templates/routes/_route.html.erb (2.0ms)
  Rendered /Users/Aaron/.rvm/gems/jruby-1.7.19/gems/actionpack-4.0.0/lib/action_dispatch/middleware/templates/routes/_table.html.erb (1.0ms)
  Rendered /Users/Aaron/.rvm/gems/jruby-1.7.19/gems/actionpack-4.0.0/lib/action_dispatch/middleware/templates/rescues/routing_error.erb within rescues/layout (19.0ms)


Started GET "/food_items/new" for 127.0.0.1 at 2016-02-05 12:49:05 -0500
Processing by FoodItemsController#new as HTML
  [1m[36m (1.0ms)[0m  [1mSELECT name FROM sqlite_master WHERE type = 'table' AND name = "food_items"[0m
  [1m[35mCategory Load (0.0ms)[0m  SELECT "categories".* FROM "categories"
  Rendered food_items/new.html.erb within layouts/application (46.0ms)
  Rendered common/_navigation_bar.html.erb (0.0ms)
Completed 200 OK in 78ms (Views: 72.0ms | ActiveRecord: 2.0ms)


Started POST "/food_items" for 127.0.0.1 at 2016-02-05 12:49:10 -0500
Processing by FoodItemsController#create as HTML
  Parameters: {"utf8"=>"✓", "authenticity_token"=>"TgElBFy51u+qghLJZE8lTspsRbr8mq0/70sKI4YerqA=", "food_item"=>{"name"=>"food item 1", "category_id"=>""}, "commit"=>"Create Food Item"}
ActiveModel::ForbiddenAttributesError
/Users/Aaron/.rvm/gems/jruby-1.7.19/gems/activemodel-4.0.0/lib/active_model/forbidden_attributes_protection.rb:21:in `sanitize_for_mass_assignment'
/Users/Aaron/.rvm/gems/jruby-1.7.19/gems/activerecord-4.0.0/lib/active_record/attribute_assignment.rb:21:in `assign_attributes'
/Users/Aaron/.rvm/gems/jruby-1.7.19/gems/activerecord-4.0.0/lib/active_record/core.rb:192:in `initialize'
/Users/Aaron/.rvm/gems/jruby-1.7.19/gems/activerecord-4.0.0/lib/active_record/inheritance.rb:27:in `new'
/Users/Aaron/Documents/School/Homework/leap/app/controllers/food_items_controller.rb:16:in `create'
/Users/Aaron/.rvm/gems/jruby-1.7.19/gems/actionpack-4.0.0/lib/action_controller/metal/implicit_render.rb:4:in `send_action'
/Users/Aaron/.rvm/gems/jruby-1.7.19/gems/actionpack-4.0.0/lib/abstract_controller/base.rb:189:in `process_action'
/Users/Aaron/.rvm/gems/jruby-1.7.19/gems/actionpack-4.0.0/lib/action_controller/metal/rendering.rb:10:in `process_action'
/Users/Aaron/.rvm/gems/jruby-1.7.19/gems/actionpack-4.0.0/lib/abstract_controller/callbacks.rb:18:in `process_action'
/Users/Aaron/.rvm/gems/jruby-1.7.19/gems/activesupport-4.0.0/lib/active_support/callbacks.rb:396:in `_run__494050463__process_action__callbacks'
/Users/Aaron/.rvm/gems/jruby-1.7.19/gems/activesupport-4.0.0/lib/active_support/callbacks.rb:80:in `run_callbacks'
/Users/Aaron/.rvm/gems/jruby-1.7.19/gems/actionpack-4.0.0/lib/abstract_controller/callbacks.rb:17:in `process_action'
/Users/Aaron/.rvm/gems/jruby-1.7.19/gems/actionpack-4.0.0/lib/action_controller/metal/rescue.rb:29:in `process_action'
/Users/Aaron/.rvm/gems/jruby-1.7.19/gems/actionpack-4.0.0/lib/action_controller/metal/instrumentation.rb:31:in `process_action'
/Users/Aaron/.rvm/gems/jruby-1.7.19/gems/activesupport-4.0.0/lib/active_support/notifications.rb:159:in `instrument'
/Users/Aaron/.rvm/gems/jruby-1.7.19/gems/activesupport-4.0.0/lib/active_support/notifications/instrumenter.rb:20:in `instrument'
/Users/Aaron/.rvm/gems/jruby-1.7.19/gems/activesupport-4.0.0/lib/active_support/notifications/instrumenter.rb:19:in `instrument'
/Users/Aaron/.rvm/gems/jruby-1.7.19/gems/activesupport-4.0.0/lib/active_support/notifications.rb:159:in `instrument'
/Users/Aaron/.rvm/gems/jruby-1.7.19/gems/actionpack-4.0.0/lib/action_controller/metal/instrumentation.rb:30:in `process_action'
/Users/Aaron/.rvm/gems/jruby-1.7.19/gems/actionpack-4.0.0/lib/action_controller/metal/params_wrapper.rb:245:in `process_action'
/Users/Aaron/.rvm/gems/jruby-1.7.19/gems/activerecord-4.0.0/lib/active_record/railties/controller_runtime.rb:18:in `process_action'
/Users/Aaron/.rvm/gems/jruby-1.7.19/gems/actionpack-4.0.0/lib/abstract_controller/base.rb:136:in `process'
/Users/Aaron/.rvm/gems/jruby-1.7.19/gems/actionpack-4.0.0/lib/abstract_controller/rendering.rb:44:in `process'
/Users/Aaron/.rvm/gems/jruby-1.7.19/gems/actionpack-4.0.0/lib/action_controller/metal.rb:195:in `dispatch'
/Users/Aaron/.rvm/gems/jruby-1.7.19/gems/actionpack-4.0.0/lib/action_controller/metal/rack_delegation.rb:13:in `dispatch'
/Users/Aaron/.rvm/gems/jruby-1.7.19/gems/actionpack-4.0.0/lib/action_controller/metal.rb:231:in `action'
org/jruby/RubyProc.java:271:in `call'
/Users/Aaron/.rvm/gems/jruby-1.7.19/gems/actionpack-4.0.0/lib/action_dispatch/routing/route_set.rb:80:in `dispatch'
/Users/Aaron/.rvm/gems/jruby-1.7.19/gems/actionpack-4.0.0/lib/action_dispatch/routing/route_set.rb:48:in `call'
/Users/Aaron/.rvm/gems/jruby-1.7.19/gems/actionpack-4.0.0/lib/action_dispatch/journey/router.rb:71:in `call'
org/jruby/RubyArray.java:1613:in `each'
/Users/Aaron/.rvm/gems/jruby-1.7.19/gems/actionpack-4.0.0/lib/action_dispatch/journey/router.rb:59:in `call'
/Users/Aaron/.rvm/gems/jruby-1.7.19/gems/actionpack-4.0.0/lib/action_dispatch/routing/route_set.rb:655:in `call'
/Users/Aaron/.rvm/gems/jruby-1.7.19/gems/rack-1.5.5/lib/rack/etag.rb:23:in `call'
/Users/Aaron/.rvm/gems/jruby-1.7.19/gems/rack-1.5.5/lib/rack/conditionalget.rb:35:in `call'
/Users/Aaron/.rvm/gems/jruby-1.7.19/gems/rack-1.5.5/lib/rack/head.rb:11:in `call'
/Users/Aaron/.rvm/gems/jruby-1.7.19/gems/actionpack-4.0.0/lib/action_dispatch/middleware/params_parser.rb:27:in `call'
/Users/Aaron/.rvm/gems/jruby-1.7.19/gems/actionpack-4.0.0/lib/action_dispatch/middleware/flash.rb:241:in `call'
/Users/Aaron/.rvm/gems/jruby-1.7.19/gems/rack-1.5.5/lib/rack/session/abstract/id.rb:225:in `context'
/Users/Aaron/.rvm/gems/jruby-1.7.19/gems/rack-1.5.5/lib/rack/session/abstract/id.rb:220:in `call'
/Users/Aaron/.rvm/gems/jruby-1.7.19/gems/actionpack-4.0.0/lib/action_dispatch/middleware/cookies.rb:486:in `call'
/Users/Aaron/.rvm/gems/jruby-1.7.19/gems/activerecord-4.0.0/lib/active_record/query_cache.rb:36:in `call'
/Users/Aaron/.rvm/gems/jruby-1.7.19/gems/activerecord-4.0.0/lib/active_record/connection_adapters/abstract/connection_pool.rb:626:in `call'
/Users/Aaron/.rvm/gems/jruby-1.7.19/gems/activerecord-4.0.0/lib/active_record/migration.rb:369:in `call'
/Users/Aaron/.rvm/gems/jruby-1.7.19/gems/actionpack-4.0.0/lib/action_dispatch/middleware/callbacks.rb:29:in `call'
/Users/Aaron/.rvm/gems/jruby-1.7.19/gems/activesupport-4.0.0/lib/active_support/callbacks.rb:376:in `_run__948902167__call__callbacks'
/Users/Aaron/.rvm/gems/jruby-1.7.19/gems/activesupport-4.0.0/lib/active_support/callbacks.rb:80:in `run_callbacks'
/Users/Aaron/.rvm/gems/jruby-1.7.19/gems/actionpack-4.0.0/lib/action_dispatch/middleware/callbacks.rb:27:in `call'
/Users/Aaron/.rvm/gems/jruby-1.7.19/gems/actionpack-4.0.0/lib/action_dispatch/middleware/reloader.rb:64:in `call'
/Users/Aaron/.rvm/gems/jruby-1.7.19/gems/actionpack-4.0.0/lib/action_dispatch/middleware/remote_ip.rb:76:in `call'
/Users/Aaron/.rvm/gems/jruby-1.7.19/gems/actionpack-4.0.0/lib/action_dispatch/middleware/debug_exceptions.rb:17:in `call'
/Users/Aaron/.rvm/gems/jruby-1.7.19/gems/actionpack-4.0.0/lib/action_dispatch/middleware/show_exceptions.rb:30:in `call'
/Users/Aaron/.rvm/gems/jruby-1.7.19/gems/railties-4.0.0/lib/rails/rack/logger.rb:38:in `call_app'
/Users/Aaron/.rvm/gems/jruby-1.7.19/gems/railties-4.0.0/lib/rails/rack/logger.rb:21:in `call'
/Users/Aaron/.rvm/gems/jruby-1.7.19/gems/activesupport-4.0.0/lib/active_support/tagged_logging.rb:67:in `tagged'
/Users/Aaron/.rvm/gems/jruby-1.7.19/gems/activesupport-4.0.0/lib/active_support/tagged_logging.rb:25:in `tagged'
/Users/Aaron/.rvm/gems/jruby-1.7.19/gems/activesupport-4.0.0/lib/active_support/tagged_logging.rb:67:in `tagged'
/Users/Aaron/.rvm/gems/jruby-1.7.19/gems/railties-4.0.0/lib/rails/rack/logger.rb:21:in `call'
/Users/Aaron/.rvm/gems/jruby-1.7.19/gems/actionpack-4.0.0/lib/action_dispatch/middleware/request_id.rb:21:in `call'
/Users/Aaron/.rvm/gems/jruby-1.7.19/gems/rack-1.5.5/lib/rack/methodoverride.rb:21:in `call'
/Users/Aaron/.rvm/gems/jruby-1.7.19/gems/rack-1.5.5/lib/rack/runtime.rb:17:in `call'
/Users/Aaron/.rvm/gems/jruby-1.7.19/gems/activesupport-4.0.0/lib/active_support/cache/strategy/local_cache.rb:83:in `call'
/Users/Aaron/.rvm/gems/jruby-1.7.19/gems/rack-1.5.5/lib/rack/lock.rb:17:in `call'
/Users/Aaron/.rvm/gems/jruby-1.7.19/gems/actionpack-4.0.0/lib/action_dispatch/middleware/static.rb:64:in `call'
/Users/Aaron/.rvm/gems/jruby-1.7.19/gems/railties-4.0.0/lib/rails/engine.rb:511:in `call'
/Users/Aaron/.rvm/gems/jruby-1.7.19/gems/railties-4.0.0/lib/rails/application.rb:97:in `call'
/Users/Aaron/.rvm/gems/jruby-1.7.19/gems/rack-1.5.5/lib/rack/lock.rb:17:in `call'
/Users/Aaron/.rvm/gems/jruby-1.7.19/gems/rack-1.5.5/lib/rack/content_length.rb:14:in `call'
/Users/Aaron/.rvm/gems/jruby-1.7.19/gems/rack-1.5.5/lib/rack/handler/webrick.rb:60:in `service'
/Users/Aaron/.rvm/rubies/jruby-1.7.19/lib/ruby/1.9/webrick/httpserver.rb:138:in `service'
/Users/Aaron/.rvm/rubies/jruby-1.7.19/lib/ruby/1.9/webrick/httpserver.rb:94:in `run'
/Users/Aaron/.rvm/rubies/jruby-1.7.19/lib/ruby/1.9/webrick/server.rb:191:in `start_thread'
  Rendered common/error.html.erb within layouts/application (1.0ms)
  Rendered common/_navigation_bar.html.erb (0.0ms)
Completed 500 Internal Server Error in 35ms (Views: 29.0ms | ActiveRecord: 0.0ms)


Started GET "/javascripts/jquery/jquery.min.js" for 127.0.0.1 at 2016-02-05 12:49:10 -0500

ActionController::RoutingError (No route matches [GET] "/javascripts/jquery/jquery.min.js"):
  actionpack (4.0.0) lib/action_dispatch/middleware/debug_exceptions.rb:21:in `call'
  actionpack (4.0.0) lib/action_dispatch/middleware/show_exceptions.rb:30:in `call'
  railties (4.0.0) lib/rails/rack/logger.rb:38:in `call_app'
  railties (4.0.0) lib/rails/rack/logger.rb:21:in `call'
  activesupport (4.0.0) lib/active_support/tagged_logging.rb:67:in `tagged'
  activesupport (4.0.0) lib/active_support/tagged_logging.rb:25:in `tagged'
  activesupport (4.0.0) lib/active_support/tagged_logging.rb:67:in `tagged'
  railties (4.0.0) lib/rails/rack/logger.rb:21:in `call'
  actionpack (4.0.0) lib/action_dispatch/middleware/request_id.rb:21:in `call'
  rack (1.5.5) lib/rack/methodoverride.rb:21:in `call'
  rack (1.5.5) lib/rack/runtime.rb:17:in `call'
  activesupport (4.0.0) lib/active_support/cache/strategy/local_cache.rb:83:in `call'
  rack (1.5.5) lib/rack/lock.rb:17:in `call'
  actionpack (4.0.0) lib/action_dispatch/middleware/static.rb:64:in `call'
  railties (4.0.0) lib/rails/engine.rb:511:in `call'
  railties (4.0.0) lib/rails/application.rb:97:in `call'
  rack (1.5.5) lib/rack/lock.rb:17:in `call'
  rack (1.5.5) lib/rack/content_length.rb:14:in `call'
  rack (1.5.5) lib/rack/handler/webrick.rb:60:in `service'
  /Users/Aaron/.rvm/rubies/jruby-1.7.19/lib/ruby/1.9/webrick/httpserver.rb:138:in `service'
  /Users/Aaron/.rvm/rubies/jruby-1.7.19/lib/ruby/1.9/webrick/httpserver.rb:94:in `run'
  /Users/Aaron/.rvm/rubies/jruby-1.7.19/lib/ruby/1.9/webrick/server.rb:191:in `start_thread'


  Rendered /Users/Aaron/.rvm/gems/jruby-1.7.19/gems/actionpack-4.0.0/lib/action_dispatch/middleware/templates/rescues/_trace.erb (1.0ms)
  Rendered /Users/Aaron/.rvm/gems/jruby-1.7.19/gems/actionpack-4.0.0/lib/action_dispatch/middleware/templates/routes/_route.html.erb (4.0ms)
  Rendered /Users/Aaron/.rvm/gems/jruby-1.7.19/gems/actionpack-4.0.0/lib/action_dispatch/middleware/templates/routes/_table.html.erb (2.0ms)
  Rendered /Users/Aaron/.rvm/gems/jruby-1.7.19/gems/actionpack-4.0.0/lib/action_dispatch/middleware/templates/rescues/routing_error.erb within rescues/layout (22.0ms)


Started GET "/stylesheets/all.css" for 127.0.0.1 at 2016-02-05 12:49:10 -0500

ActionController::RoutingError (No route matches [GET] "/stylesheets/all.css"):
  actionpack (4.0.0) lib/action_dispatch/middleware/debug_exceptions.rb:21:in `call'
  actionpack (4.0.0) lib/action_dispatch/middleware/show_exceptions.rb:30:in `call'
  railties (4.0.0) lib/rails/rack/logger.rb:38:in `call_app'
  railties (4.0.0) lib/rails/rack/logger.rb:21:in `call'
  activesupport (4.0.0) lib/active_support/tagged_logging.rb:67:in `tagged'
  activesupport (4.0.0) lib/active_support/tagged_logging.rb:25:in `tagged'
  activesupport (4.0.0) lib/active_support/tagged_logging.rb:67:in `tagged'
  railties (4.0.0) lib/rails/rack/logger.rb:21:in `call'
  actionpack (4.0.0) lib/action_dispatch/middleware/request_id.rb:21:in `call'
  rack (1.5.5) lib/rack/methodoverride.rb:21:in `call'
  rack (1.5.5) lib/rack/runtime.rb:17:in `call'
  activesupport (4.0.0) lib/active_support/cache/strategy/local_cache.rb:83:in `call'
  rack (1.5.5) lib/rack/lock.rb:17:in `call'
  actionpack (4.0.0) lib/action_dispatch/middleware/static.rb:64:in `call'
  railties (4.0.0) lib/rails/engine.rb:511:in `call'
  railties (4.0.0) lib/rails/application.rb:97:in `call'
  rack (1.5.5) lib/rack/lock.rb:17:in `call'
  rack (1.5.5) lib/rack/content_length.rb:14:in `call'
  rack (1.5.5) lib/rack/handler/webrick.rb:60:in `service'
  /Users/Aaron/.rvm/rubies/jruby-1.7.19/lib/ruby/1.9/webrick/httpserver.rb:138:in `service'
  /Users/Aaron/.rvm/rubies/jruby-1.7.19/lib/ruby/1.9/webrick/httpserver.rb:94:in `run'
  /Users/Aaron/.rvm/rubies/jruby-1.7.19/lib/ruby/1.9/webrick/server.rb:191:in `start_thread'


  Rendered /Users/Aaron/.rvm/gems/jruby-1.7.19/gems/actionpack-4.0.0/lib/action_dispatch/middleware/templates/rescues/_trace.erb (1.0ms)
  Rendered /Users/Aaron/.rvm/gems/jruby-1.7.19/gems/actionpack-4.0.0/lib/action_dispatch/middleware/templates/routes/_route.html.erb (3.0ms)
  Rendered /Users/Aaron/.rvm/gems/jruby-1.7.19/gems/actionpack-4.0.0/lib/action_dispatch/middleware/templates/routes/_table.html.erb (1.0ms)
  Rendered /Users/Aaron/.rvm/gems/jruby-1.7.19/gems/actionpack-4.0.0/lib/action_dispatch/middleware/templates/rescues/routing_error.erb within rescues/layout (21.0ms)


Started GET "/javascripts/defaults.js" for 127.0.0.1 at 2016-02-05 12:49:10 -0500

ActionController::RoutingError (No route matches [GET] "/javascripts/defaults.js"):
  actionpack (4.0.0) lib/action_dispatch/middleware/debug_exceptions.rb:21:in `call'
  actionpack (4.0.0) lib/action_dispatch/middleware/show_exceptions.rb:30:in `call'
  railties (4.0.0) lib/rails/rack/logger.rb:38:in `call_app'
  railties (4.0.0) lib/rails/rack/logger.rb:21:in `call'
  activesupport (4.0.0) lib/active_support/tagged_logging.rb:67:in `tagged'
  activesupport (4.0.0) lib/active_support/tagged_logging.rb:25:in `tagged'
  activesupport (4.0.0) lib/active_support/tagged_logging.rb:67:in `tagged'
  railties (4.0.0) lib/rails/rack/logger.rb:21:in `call'
  actionpack (4.0.0) lib/action_dispatch/middleware/request_id.rb:21:in `call'
  rack (1.5.5) lib/rack/methodoverride.rb:21:in `call'
  rack (1.5.5) lib/rack/runtime.rb:17:in `call'
  activesupport (4.0.0) lib/active_support/cache/strategy/local_cache.rb:83:in `call'
  rack (1.5.5) lib/rack/lock.rb:17:in `call'
  actionpack (4.0.0) lib/action_dispatch/middleware/static.rb:64:in `call'
  railties (4.0.0) lib/rails/engine.rb:511:in `call'
  railties (4.0.0) lib/rails/application.rb:97:in `call'
  rack (1.5.5) lib/rack/lock.rb:17:in `call'
  rack (1.5.5) lib/rack/content_length.rb:14:in `call'
  rack (1.5.5) lib/rack/handler/webrick.rb:60:in `service'
  /Users/Aaron/.rvm/rubies/jruby-1.7.19/lib/ruby/1.9/webrick/httpserver.rb:138:in `service'
  /Users/Aaron/.rvm/rubies/jruby-1.7.19/lib/ruby/1.9/webrick/httpserver.rb:94:in `run'
  /Users/Aaron/.rvm/rubies/jruby-1.7.19/lib/ruby/1.9/webrick/server.rb:191:in `start_thread'


  Rendered /Users/Aaron/.rvm/gems/jruby-1.7.19/gems/actionpack-4.0.0/lib/action_dispatch/middleware/templates/rescues/_trace.erb (1.0ms)
  Rendered /Users/Aaron/.rvm/gems/jruby-1.7.19/gems/actionpack-4.0.0/lib/action_dispatch/middleware/templates/routes/_route.html.erb (2.0ms)
  Rendered /Users/Aaron/.rvm/gems/jruby-1.7.19/gems/actionpack-4.0.0/lib/action_dispatch/middleware/templates/routes/_table.html.erb (2.0ms)
  Rendered /Users/Aaron/.rvm/gems/jruby-1.7.19/gems/actionpack-4.0.0/lib/action_dispatch/middleware/templates/rescues/routing_error.erb within rescues/layout (20.0ms)
